<?xml version="1.0" encoding="UTF-8"?>
<!-- Generated by org.testng.reporters.JUnitReportReporter -->
<testsuite hostname="DESKTOP-HUOEVJ3" failures="0" tests="3" name="com.CRMTestCases.HomePageTest" time="0.715" errors="0" timestamp="2024-05-15T15:53:19 IST" skipped="0">
  <testcase classname="com.CRMTestCases.HomePageTest" name="validateURL" time="0.030"/>
  <system-out/>
  <testcase classname="com.CRMTestCases.HomePageTest" name="validateTitle" time="0.017"/>
  <system-out/>
  <testcase classname="com.CRMTestCases.HomePageTest" name="validateSingin" time="0.668"/>
  <system-out/>
</testsuite> <!-- com.CRMTestCases.HomePageTest -->
