<?xml version="1.0" encoding="UTF-8"?>
<!-- Generated by org.testng.reporters.JUnitReportReporter -->
<testsuite hostname="DESKTOP-HUOEVJ3" failures="0" tests="1" name="com.CRMTestCases.LoginPageTest" time="2.032" errors="0" timestamp="2024-05-15T15:53:19 IST" skipped="0">
  <testcase classname="com.CRMTestCases.LoginPageTest" name="validateLogin" time="2.032"/>
  <system-out/>
</testsuite> <!-- com.CRMTestCases.LoginPageTest -->
